2024-02-03 01:46:16.843 INFO  [background-preinit] [o.h.validator.internal.util.Version] - HV000001: Hibernate Validator 8.0.1.Final
2024-02-03 01:46:16.894 INFO  [main] [com.dalbang.DalbangApplication] - Starting DalbangApplication using Java 17.0.8 with PID 28738 (/Users/otaehun/Desktop/프로젝트/dalbang/build/classes/java/main started by otaehun in /Users/otaehun/Desktop/프로젝트/dalbang)
2024-02-03 01:46:16.895 INFO  [main] [com.dalbang.DalbangApplication] - No active profile set, falling back to 1 default profile: "default"
2024-02-03 01:46:17.743 INFO  [main] [o.s.d.r.c.RepositoryConfigurationDelegate] - Bootstrapping Spring Data JPA repositories in DEFAULT mode.
2024-02-03 01:46:17.840 INFO  [main] [o.s.d.r.c.RepositoryConfigurationDelegate] - Finished Spring Data repository scanning in 76 ms. Found 2 JPA repository interfaces.
2024-02-03 01:46:18.361 INFO  [main] [o.s.b.w.embedded.tomcat.TomcatWebServer] - Tomcat initialized with port 8089 (http)
2024-02-03 01:46:18.368 INFO  [main] [o.apache.coyote.http11.Http11NioProtocol] - Initializing ProtocolHandler ["http-nio-8089"]
2024-02-03 01:46:18.369 INFO  [main] [o.apache.catalina.core.StandardService] - Starting service [Tomcat]
2024-02-03 01:46:18.369 INFO  [main] [org.apache.catalina.core.StandardEngine] - Starting Servlet engine: [Apache Tomcat/10.1.18]
2024-02-03 01:46:18.414 INFO  [main] [o.a.c.c.C.[.[localhost].[/dalbang]] - Initializing Spring embedded WebApplicationContext
2024-02-03 01:46:18.414 INFO  [main] [o.s.b.w.s.c.ServletWebServerApplicationContext] - Root WebApplicationContext: initialization completed in 1475 ms
2024-02-03 01:46:18.537 INFO  [main] [o.hibernate.jpa.internal.util.LogHelper] - HHH000204: Processing PersistenceUnitInfo [name: default]
2024-02-03 01:46:18.587 INFO  [main] [org.hibernate.Version] - HHH000412: Hibernate ORM core version 6.4.1.Final
2024-02-03 01:46:18.617 INFO  [main] [o.h.c.internal.RegionFactoryInitiator] - HHH000026: Second-level cache disabled
2024-02-03 01:46:18.834 INFO  [main] [o.s.o.j.p.SpringPersistenceUnitInfo] - No LoadTimeWeaver setup: ignoring JPA class transformer
2024-02-03 01:46:18.855 INFO  [main] [com.zaxxer.hikari.HikariDataSource] - HikariPool-1 - Starting...
2024-02-03 01:46:18.956 INFO  [main] [com.zaxxer.hikari.pool.HikariPool] - HikariPool-1 - Added connection org.mariadb.jdbc.Connection@2af9a5ef
2024-02-03 01:46:18.958 INFO  [main] [com.zaxxer.hikari.HikariDataSource] - HikariPool-1 - Start completed.
2024-02-03 01:46:19.642 INFO  [main] [o.h.e.t.j.p.i.JtaPlatformInitiator] - HHH000489: No JTA platform available (set 'hibernate.transaction.jta.platform' to enable JTA platform integration)
2024-02-03 01:46:19.715 INFO  [main] [o.s.o.j.LocalContainerEntityManagerFactoryBean] - Initialized JPA EntityManagerFactory for persistence unit 'default'
2024-02-03 01:46:20.214 WARN  [main] [o.s.b.a.o.j.JpaBaseConfiguration$JpaWebConfiguration] - spring.jpa.open-in-view is enabled by default. Therefore, database queries may be performed during view rendering. Explicitly configure spring.jpa.open-in-view to disable this warning
2024-02-03 01:46:20.419 INFO  [main] [o.s.s.web.DefaultSecurityFilterChain] - Will secure any request with [org.springframework.security.web.session.DisableEncodeUrlFilter@446fb72e, org.springframework.security.web.context.request.async.WebAsyncManagerIntegrationFilter@26caf4b6, org.springframework.security.web.context.SecurityContextHolderFilter@1fd77205, org.springframework.security.web.header.HeaderWriterFilter@52a9db63, org.springframework.web.filter.CorsFilter@4411a0fe, org.springframework.web.filter.CorsFilter@2c750b69, org.springframework.security.web.authentication.logout.LogoutFilter@7cc842b0, com.dalbang.global.security.jwt.JwtAuthenticationFilter@3b11deb6, org.springframework.security.web.savedrequest.RequestCacheAwareFilter@288915a1, org.springframework.security.web.servletapi.SecurityContextHolderAwareRequestFilter@62a6a47e, org.springframework.security.web.authentication.AnonymousAuthenticationFilter@159a0f0e, org.springframework.security.web.access.ExceptionTranslationFilter@45a4587d, org.springframework.security.web.access.intercept.AuthorizationFilter@5776a9f8]
2024-02-03 01:46:20.429 WARN  [main] [o.s.s.c.a.web.builders.WebSecurity] - You are asking Spring Security to ignore Ant [pattern='/h2-console/**']. This is not recommended -- please use permitAll via HttpSecurity#authorizeHttpRequests instead.
2024-02-03 01:46:20.430 INFO  [main] [o.s.s.web.DefaultSecurityFilterChain] - Will not secure Ant [pattern='/h2-console/**']
2024-02-03 01:46:20.430 WARN  [main] [o.s.s.c.a.web.builders.WebSecurity] - You are asking Spring Security to ignore Ant [pattern='/favicon.ico']. This is not recommended -- please use permitAll via HttpSecurity#authorizeHttpRequests instead.
2024-02-03 01:46:20.430 INFO  [main] [o.s.s.web.DefaultSecurityFilterChain] - Will not secure Ant [pattern='/favicon.ico']
2024-02-03 01:46:20.430 WARN  [main] [o.s.s.c.a.web.builders.WebSecurity] - You are asking Spring Security to ignore Ant [pattern='/css/**']. This is not recommended -- please use permitAll via HttpSecurity#authorizeHttpRequests instead.
2024-02-03 01:46:20.430 INFO  [main] [o.s.s.web.DefaultSecurityFilterChain] - Will not secure Ant [pattern='/css/**']
2024-02-03 01:46:20.430 WARN  [main] [o.s.s.c.a.web.builders.WebSecurity] - You are asking Spring Security to ignore Ant [pattern='/js/**']. This is not recommended -- please use permitAll via HttpSecurity#authorizeHttpRequests instead.
2024-02-03 01:46:20.430 INFO  [main] [o.s.s.web.DefaultSecurityFilterChain] - Will not secure Ant [pattern='/js/**']
2024-02-03 01:46:20.430 WARN  [main] [o.s.s.c.a.web.builders.WebSecurity] - You are asking Spring Security to ignore Ant [pattern='/img/**']. This is not recommended -- please use permitAll via HttpSecurity#authorizeHttpRequests instead.
2024-02-03 01:46:20.430 INFO  [main] [o.s.s.web.DefaultSecurityFilterChain] - Will not secure Ant [pattern='/img/**']
2024-02-03 01:46:20.430 WARN  [main] [o.s.s.c.a.web.builders.WebSecurity] - You are asking Spring Security to ignore Ant [pattern='/lib/**']. This is not recommended -- please use permitAll via HttpSecurity#authorizeHttpRequests instead.
2024-02-03 01:46:20.430 INFO  [main] [o.s.s.web.DefaultSecurityFilterChain] - Will not secure Ant [pattern='/lib/**']
2024-02-03 01:46:20.687 INFO  [main] [o.apache.coyote.http11.Http11NioProtocol] - Starting ProtocolHandler ["http-nio-8089"]
2024-02-03 01:46:20.707 INFO  [main] [o.s.b.w.embedded.tomcat.TomcatWebServer] - Tomcat started on port 8089 (http) with context path '/dalbang'
2024-02-03 01:46:20.721 INFO  [main] [com.dalbang.DalbangApplication] - Started DalbangApplication in 4.26 seconds (process running for 5.356)
2024-02-03 01:48:45.932 INFO  [http-nio-8089-exec-10] [o.a.c.c.C.[.[localhost].[/dalbang]] - Initializing Spring DispatcherServlet 'dispatcherServlet'
2024-02-03 01:48:45.936 INFO  [http-nio-8089-exec-10] [o.s.web.servlet.DispatcherServlet] - Initializing Servlet 'dispatcherServlet'
2024-02-03 01:48:45.947 INFO  [http-nio-8089-exec-10] [o.s.web.servlet.DispatcherServlet] - Completed initialization in 10 ms
2024-02-03 01:48:46.005 WARN  [http-nio-8089-exec-10] [o.s.w.s.m.s.DefaultHandlerExceptionResolver] - Resolved [org.springframework.web.HttpRequestMethodNotSupportedException: Request method 'GET' is not supported]
2024-02-03 01:49:15.090 INFO  [http-nio-8089-exec-2] [c.d.global.security.jwt.JwtTokenProvider] - token provider exp: 1706896155090
2024-02-03 01:49:15.106 INFO  [http-nio-8089-exec-2] [c.d.global.security.jwt.JwtTokenProvider] - validateToken
2024-02-03 01:49:15.106 INFO  [http-nio-8089-exec-2] [c.d.global.security.jwt.JwtTokenProvider] - eyJhbGciOiJIUzI1NiJ9.eyJlbWFpbCI6ImRoeG9nbnM5MjBAbmF2ZXIuY29tIiwic3ViIjoiZGh4b2duczkyMEBuYXZlci5jb20iLCJpYXQiOjE3MDY2MDE5OTQsImV4cCI6MTcwNjY4ODM5NH0.AY2l8I4t7ABv-siD70SfnuosSsUtBzCZi4V70qr-UJM
2024-02-03 01:49:15.133 ERROR [http-nio-8089-exec-2] [c.d.global.security.jwt.JwtTokenProvider] - Token validation failed
io.jsonwebtoken.ExpiredJwtException: JWT expired 204161133 milliseconds ago at 2024-01-31T08:06:34.000Z. Current time: 2024-02-02T16:49:15.133Z. Allowed clock skew: 0 milliseconds.
	at io.jsonwebtoken.impl.DefaultJwtParser.parse(DefaultJwtParser.java:682)
	at io.jsonwebtoken.impl.DefaultJwtParser.parse(DefaultJwtParser.java:362)
	at io.jsonwebtoken.impl.DefaultJwtParser.parse(DefaultJwtParser.java:94)
	at io.jsonwebtoken.impl.io.AbstractParser.parse(AbstractParser.java:36)
	at io.jsonwebtoken.impl.io.AbstractParser.parse(AbstractParser.java:29)
	at io.jsonwebtoken.impl.DefaultJwtParser.parseSignedClaims(DefaultJwtParser.java:821)
	at com.dalbang.global.security.jwt.JwtTokenProvider.validateToken(JwtTokenProvider.java:94)
	at com.dalbang.domain.member.member.service.AuthService.isTokenInvalid(AuthService.java:139)
	at com.dalbang.domain.member.member.service.AuthService.validateAndCreateRefreshToken(AuthService.java:131)
	at com.dalbang.domain.member.member.service.AuthService.checkAndCreateRefreshToken(AuthService.java:92)
	at com.dalbang.domain.member.member.service.AuthService.loginMember(AuthService.java:69)
	at java.base/jdk.internal.reflect.NativeMethodAccessorImpl.invoke0(Native Method)
	at java.base/jdk.internal.reflect.NativeMethodAccessorImpl.invoke(NativeMethodAccessorImpl.java:77)
	at java.base/jdk.internal.reflect.DelegatingMethodAccessorImpl.invoke(DelegatingMethodAccessorImpl.java:43)
	at java.base/java.lang.reflect.Method.invoke(Method.java:568)
	at org.springframework.aop.support.AopUtils.invokeJoinpointUsingReflection(AopUtils.java:351)
	at org.springframework.aop.framework.ReflectiveMethodInvocation.invokeJoinpoint(ReflectiveMethodInvocation.java:196)
	at org.springframework.aop.framework.ReflectiveMethodInvocation.proceed(ReflectiveMethodInvocation.java:163)
	at org.springframework.aop.framework.CglibAopProxy$CglibMethodInvocation.proceed(CglibAopProxy.java:765)
	at org.springframework.transaction.interceptor.TransactionInterceptor$1.proceedWithInvocation(TransactionInterceptor.java:123)
	at org.springframework.transaction.interceptor.TransactionAspectSupport.invokeWithinTransaction(TransactionAspectSupport.java:385)
	at org.springframework.transaction.interceptor.TransactionInterceptor.invoke(TransactionInterceptor.java:119)
	at org.springframework.aop.framework.ReflectiveMethodInvocation.proceed(ReflectiveMethodInvocation.java:184)
	at org.springframework.aop.framework.CglibAopProxy$CglibMethodInvocation.proceed(CglibAopProxy.java:765)
	at org.springframework.aop.framework.CglibAopProxy$DynamicAdvisedInterceptor.intercept(CglibAopProxy.java:717)
	at com.dalbang.domain.member.member.service.AuthService$$SpringCGLIB$$0.loginMember(<generated>)
	at com.dalbang.domain.member.member.controller.AuthController.memberLogin(AuthController.java:26)
	at java.base/jdk.internal.reflect.NativeMethodAccessorImpl.invoke0(Native Method)
	at java.base/jdk.internal.reflect.NativeMethodAccessorImpl.invoke(NativeMethodAccessorImpl.java:77)
	at java.base/jdk.internal.reflect.DelegatingMethodAccessorImpl.invoke(DelegatingMethodAccessorImpl.java:43)
	at java.base/java.lang.reflect.Method.invoke(Method.java:568)
	at org.springframework.web.method.support.InvocableHandlerMethod.doInvoke(InvocableHandlerMethod.java:261)
	at org.springframework.web.method.support.InvocableHandlerMethod.invokeForRequest(InvocableHandlerMethod.java:189)
	at org.springframework.web.servlet.mvc.method.annotation.ServletInvocableHandlerMethod.invokeAndHandle(ServletInvocableHandlerMethod.java:118)
	at org.springframework.web.servlet.mvc.method.annotation.RequestMappingHandlerAdapter.invokeHandlerMethod(RequestMappingHandlerAdapter.java:917)
	at org.springframework.web.servlet.mvc.method.annotation.RequestMappingHandlerAdapter.handleInternal(RequestMappingHandlerAdapter.java:829)
	at org.springframework.web.servlet.mvc.method.AbstractHandlerMethodAdapter.handle(AbstractHandlerMethodAdapter.java:87)
	at org.springframework.web.servlet.DispatcherServlet.doDispatch(DispatcherServlet.java:1089)
	at org.springframework.web.servlet.DispatcherServlet.doService(DispatcherServlet.java:979)
	at org.springframework.web.servlet.FrameworkServlet.processRequest(FrameworkServlet.java:1014)
	at org.springframework.web.servlet.FrameworkServlet.doPost(FrameworkServlet.java:914)
	at jakarta.servlet.http.HttpServlet.service(HttpServlet.java:590)
	at org.springframework.web.servlet.FrameworkServlet.service(FrameworkServlet.java:885)
	at jakarta.servlet.http.HttpServlet.service(HttpServlet.java:658)
	at org.apache.catalina.core.ApplicationFilterChain.internalDoFilter(ApplicationFilterChain.java:205)
	at org.apache.catalina.core.ApplicationFilterChain.doFilter(ApplicationFilterChain.java:149)
	at org.apache.tomcat.websocket.server.WsFilter.doFilter(WsFilter.java:51)
	at org.apache.catalina.core.ApplicationFilterChain.internalDoFilter(ApplicationFilterChain.java:174)
	at org.apache.catalina.core.ApplicationFilterChain.doFilter(ApplicationFilterChain.java:149)
	at org.springframework.web.filter.OncePerRequestFilter.doFilter(OncePerRequestFilter.java:110)
	at org.apache.catalina.core.ApplicationFilterChain.internalDoFilter(ApplicationFilterChain.java:174)
	at org.apache.catalina.core.ApplicationFilterChain.doFilter(ApplicationFilterChain.java:149)
	at org.springframework.web.filter.CompositeFilter$VirtualFilterChain.doFilter(CompositeFilter.java:108)
	at org.springframework.security.web.FilterChainProxy.lambda$doFilterInternal$3(FilterChainProxy.java:231)
	at org.springframework.security.web.FilterChainProxy$VirtualFilterChain.doFilter(FilterChainProxy.java:365)
	at org.springframework.security.web.access.intercept.AuthorizationFilter.doFilter(AuthorizationFilter.java:100)
	at org.springframework.security.web.FilterChainProxy$VirtualFilterChain.doFilter(FilterChainProxy.java:374)
	at org.springframework.security.web.access.ExceptionTranslationFilter.doFilter(ExceptionTranslationFilter.java:126)
	at org.springframework.security.web.access.ExceptionTranslationFilter.doFilter(ExceptionTranslationFilter.java:120)
	at org.springframework.security.web.FilterChainProxy$VirtualFilterChain.doFilter(FilterChainProxy.java:374)
	at org.springframework.security.web.authentication.AnonymousAuthenticationFilter.doFilter(AnonymousAuthenticationFilter.java:100)
	at org.springframework.security.web.FilterChainProxy$VirtualFilterChain.doFilter(FilterChainProxy.java:374)
	at org.springframework.security.web.servletapi.SecurityContextHolderAwareRequestFilter.doFilter(SecurityContextHolderAwareRequestFilter.java:179)
	at org.springframework.security.web.FilterChainProxy$VirtualFilterChain.doFilter(FilterChainProxy.java:374)
	at org.springframework.security.web.savedrequest.RequestCacheAwareFilter.doFilter(RequestCacheAwareFilter.java:63)
	at org.springframework.security.web.FilterChainProxy$VirtualFilterChain.doFilter(FilterChainProxy.java:374)
	at com.dalbang.global.security.jwt.JwtAuthenticationFilter.doFilterInternal(JwtAuthenticationFilter.java:47)
	at org.springframework.web.filter.OncePerRequestFilter.doFilter(OncePerRequestFilter.java:116)
	at org.springframework.security.web.FilterChainProxy$VirtualFilterChain.doFilter(FilterChainProxy.java:374)
	at org.springframework.security.web.authentication.logout.LogoutFilter.doFilter(LogoutFilter.java:107)
	at org.springframework.security.web.authentication.logout.LogoutFilter.doFilter(LogoutFilter.java:93)
	at org.springframework.security.web.FilterChainProxy$VirtualFilterChain.doFilter(FilterChainProxy.java:374)
	at org.springframework.web.filter.OncePerRequestFilter.doFilter(OncePerRequestFilter.java:110)
	at org.springframework.security.web.FilterChainProxy$VirtualFilterChain.doFilter(FilterChainProxy.java:374)
	at org.springframework.web.filter.CorsFilter.doFilterInternal(CorsFilter.java:91)
	at org.springframework.web.filter.OncePerRequestFilter.doFilter(OncePerRequestFilter.java:116)
	at org.springframework.security.web.FilterChainProxy$VirtualFilterChain.doFilter(FilterChainProxy.java:374)
	at org.springframework.security.web.header.HeaderWriterFilter.doHeadersAfter(HeaderWriterFilter.java:90)
	at org.springframework.security.web.header.HeaderWriterFilter.doFilterInternal(HeaderWriterFilter.java:75)
	at org.springframework.web.filter.OncePerRequestFilter.doFilter(OncePerRequestFilter.java:116)
	at org.springframework.security.web.FilterChainProxy$VirtualFilterChain.doFilter(FilterChainProxy.java:374)
	at org.springframework.security.web.context.SecurityContextHolderFilter.doFilter(SecurityContextHolderFilter.java:82)
	at org.springframework.security.web.context.SecurityContextHolderFilter.doFilter(SecurityContextHolderFilter.java:69)
	at org.springframework.security.web.FilterChainProxy$VirtualFilterChain.doFilter(FilterChainProxy.java:374)
	at org.springframework.security.web.context.request.async.WebAsyncManagerIntegrationFilter.doFilterInternal(WebAsyncManagerIntegrationFilter.java:62)
	at org.springframework.web.filter.OncePerRequestFilter.doFilter(OncePerRequestFilter.java:116)
	at org.springframework.security.web.FilterChainProxy$VirtualFilterChain.doFilter(FilterChainProxy.java:374)
	at org.springframework.security.web.session.DisableEncodeUrlFilter.doFilterInternal(DisableEncodeUrlFilter.java:42)
	at org.springframework.web.filter.OncePerRequestFilter.doFilter(OncePerRequestFilter.java:116)
	at org.springframework.security.web.FilterChainProxy$VirtualFilterChain.doFilter(FilterChainProxy.java:374)
	at org.springframework.security.web.FilterChainProxy.doFilterInternal(FilterChainProxy.java:233)
	at org.springframework.security.web.FilterChainProxy.doFilter(FilterChainProxy.java:191)
	at org.springframework.web.filter.CompositeFilter$VirtualFilterChain.doFilter(CompositeFilter.java:113)
	at org.springframework.web.servlet.handler.HandlerMappingIntrospector.lambda$createCacheFilter$3(HandlerMappingIntrospector.java:195)
	at org.springframework.web.filter.CompositeFilter$VirtualFilterChain.doFilter(CompositeFilter.java:113)
	at org.springframework.web.filter.CompositeFilter.doFilter(CompositeFilter.java:74)
	at org.springframework.security.config.annotation.web.configuration.WebMvcSecurityConfiguration$CompositeFilterChainProxy.doFilter(WebMvcSecurityConfiguration.java:225)
	at org.springframework.web.filter.DelegatingFilterProxy.invokeDelegate(DelegatingFilterProxy.java:352)
	at org.springframework.web.filter.DelegatingFilterProxy.doFilter(DelegatingFilterProxy.java:268)
	at org.apache.catalina.core.ApplicationFilterChain.internalDoFilter(ApplicationFilterChain.java:174)
	at org.apache.catalina.core.ApplicationFilterChain.doFilter(ApplicationFilterChain.java:149)
	at org.springframework.web.filter.RequestContextFilter.doFilterInternal(RequestContextFilter.java:100)
	at org.springframework.web.filter.OncePerRequestFilter.doFilter(OncePerRequestFilter.java:116)
	at org.apache.catalina.core.ApplicationFilterChain.internalDoFilter(ApplicationFilterChain.java:174)
	at org.apache.catalina.core.ApplicationFilterChain.doFilter(ApplicationFilterChain.java:149)
	at org.springframework.web.filter.FormContentFilter.doFilterInternal(FormContentFilter.java:93)
	at org.springframework.web.filter.OncePerRequestFilter.doFilter(OncePerRequestFilter.java:116)
	at org.apache.catalina.core.ApplicationFilterChain.internalDoFilter(ApplicationFilterChain.java:174)
	at org.apache.catalina.core.ApplicationFilterChain.doFilter(ApplicationFilterChain.java:149)
	at org.springframework.web.filter.CharacterEncodingFilter.doFilterInternal(CharacterEncodingFilter.java:201)
	at org.springframework.web.filter.OncePerRequestFilter.doFilter(OncePerRequestFilter.java:116)
	at org.apache.catalina.core.ApplicationFilterChain.internalDoFilter(ApplicationFilterChain.java:174)
	at org.apache.catalina.core.ApplicationFilterChain.doFilter(ApplicationFilterChain.java:149)
	at org.apache.catalina.core.StandardWrapperValve.invoke(StandardWrapperValve.java:167)
	at org.apache.catalina.core.StandardContextValve.invoke(StandardContextValve.java:90)
	at org.apache.catalina.authenticator.AuthenticatorBase.invoke(AuthenticatorBase.java:482)
	at org.apache.catalina.core.StandardHostValve.invoke(StandardHostValve.java:115)
	at org.apache.catalina.valves.ErrorReportValve.invoke(ErrorReportValve.java:93)
	at org.apache.catalina.core.StandardEngineValve.invoke(StandardEngineValve.java:74)
	at org.apache.catalina.connector.CoyoteAdapter.service(CoyoteAdapter.java:340)
	at org.apache.coyote.http11.Http11Processor.service(Http11Processor.java:391)
	at org.apache.coyote.AbstractProcessorLight.process(AbstractProcessorLight.java:63)
	at org.apache.coyote.AbstractProtocol$ConnectionHandler.process(AbstractProtocol.java:896)
	at org.apache.tomcat.util.net.NioEndpoint$SocketProcessor.doRun(NioEndpoint.java:1744)
	at org.apache.tomcat.util.net.SocketProcessorBase.run(SocketProcessorBase.java:52)
	at org.apache.tomcat.util.threads.ThreadPoolExecutor.runWorker(ThreadPoolExecutor.java:1191)
	at org.apache.tomcat.util.threads.ThreadPoolExecutor$Worker.run(ThreadPoolExecutor.java:659)
	at org.apache.tomcat.util.threads.TaskThread$WrappingRunnable.run(TaskThread.java:61)
	at java.base/java.lang.Thread.run(Thread.java:833)
2024-02-03 01:49:15.136 INFO  [http-nio-8089-exec-2] [c.d.d.member.member.service.AuthService] - 유효하지 않을 때
2024-02-03 01:49:15.137 INFO  [http-nio-8089-exec-2] [c.d.global.security.jwt.JwtTokenProvider] - 리프레시 토큰 생성하는 곳
2024-02-03 01:49:15.231 WARN  [http-nio-8089-exec-2] [o.m.jdbc.message.server.ErrorPacket] - Error: 1062-23000: Duplicate entry '3' for key 'UK_55tucwqbp16rh11oo1mn4awpx'
2024-02-03 01:49:15.239 WARN  [http-nio-8089-exec-2] [o.h.engine.jdbc.spi.SqlExceptionHelper] - SQL Error: 1062, SQLState: 23000
2024-02-03 01:49:15.240 ERROR [http-nio-8089-exec-2] [o.h.engine.jdbc.spi.SqlExceptionHelper] - (conn=5) Duplicate entry '3' for key 'UK_55tucwqbp16rh11oo1mn4awpx'
2024-02-03 01:49:15.278 ERROR [http-nio-8089-exec-2] [o.a.c.c.C.[.[.[.[dispatcherServlet]] - Servlet.service() for servlet [dispatcherServlet] in context with path [/dalbang] threw exception [Request processing failed: org.springframework.dao.DataIntegrityViolationException: could not execute statement [(conn=5) Duplicate entry '3' for key 'UK_55tucwqbp16rh11oo1mn4awpx'] [insert into jwt_refresh_token (created_date,expiry_date,member_id,refresh_token,updated_date) values (?,?,?,?,?)]; SQL [insert into jwt_refresh_token (created_date,expiry_date,member_id,refresh_token,updated_date) values (?,?,?,?,?)]; constraint [UK_55tucwqbp16rh11oo1mn4awpx]] with root cause
java.sql.SQLIntegrityConstraintViolationException: (conn=5) Duplicate entry '3' for key 'UK_55tucwqbp16rh11oo1mn4awpx'
	at org.mariadb.jdbc.export.ExceptionFactory.createException(ExceptionFactory.java:297)
	at org.mariadb.jdbc.export.ExceptionFactory.create(ExceptionFactory.java:378)
	at org.mariadb.jdbc.message.ClientMessage.readPacket(ClientMessage.java:172)
	at org.mariadb.jdbc.client.impl.StandardClient.readPacket(StandardClient.java:913)
	at org.mariadb.jdbc.client.impl.StandardClient.readResults(StandardClient.java:852)
	at org.mariadb.jdbc.client.impl.StandardClient.readResponse(StandardClient.java:771)
	at org.mariadb.jdbc.client.impl.StandardClient.execute(StandardClient.java:695)
	at org.mariadb.jdbc.ClientPreparedStatement.executeInternal(ClientPreparedStatement.java:93)
	at org.mariadb.jdbc.ClientPreparedStatement.executeLargeUpdate(ClientPreparedStatement.java:342)
	at org.mariadb.jdbc.ClientPreparedStatement.executeUpdate(ClientPreparedStatement.java:319)
	at com.zaxxer.hikari.pool.ProxyPreparedStatement.executeUpdate(ProxyPreparedStatement.java:61)
	at com.zaxxer.hikari.pool.HikariProxyPreparedStatement.executeUpdate(HikariProxyPreparedStatement.java)
	at org.hibernate.engine.jdbc.internal.ResultSetReturnImpl.executeUpdate(ResultSetReturnImpl.java:194)
	at org.hibernate.id.insert.GetGeneratedKeysDelegate.performInsert(GetGeneratedKeysDelegate.java:107)
	at org.hibernate.engine.jdbc.mutation.internal.MutationExecutorPostInsertSingleTable.execute(MutationExecutorPostInsertSingleTable.java:100)
	at org.hibernate.persister.entity.mutation.InsertCoordinator.doStaticInserts(InsertCoordinator.java:175)
	at org.hibernate.persister.entity.mutation.InsertCoordinator.coordinateInsert(InsertCoordinator.java:113)
	at org.hibernate.persister.entity.AbstractEntityPersister.insert(AbstractEntityPersister.java:2868)
	at org.hibernate.action.internal.EntityIdentityInsertAction.execute(EntityIdentityInsertAction.java:81)
	at org.hibernate.engine.spi.ActionQueue.execute(ActionQueue.java:670)
	at org.hibernate.engine.spi.ActionQueue.addResolvedEntityInsertAction(ActionQueue.java:291)
	at org.hibernate.engine.spi.ActionQueue.addInsertAction(ActionQueue.java:272)
	at org.hibernate.engine.spi.ActionQueue.addAction(ActionQueue.java:322)
	at org.hibernate.event.internal.AbstractSaveEventListener.addInsertAction(AbstractSaveEventListener.java:386)
	at org.hibernate.event.internal.AbstractSaveEventListener.performSaveOrReplicate(AbstractSaveEventListener.java:300)
	at org.hibernate.event.internal.AbstractSaveEventListener.performSave(AbstractSaveEventListener.java:219)
	at org.hibernate.event.internal.AbstractSaveEventListener.saveWithGeneratedId(AbstractSaveEventListener.java:134)
	at org.hibernate.event.internal.DefaultPersistEventListener.entityIsTransient(DefaultPersistEventListener.java:175)
	at org.hibernate.event.internal.DefaultPersistEventListener.persist(DefaultPersistEventListener.java:93)
	at org.hibernate.event.internal.DefaultPersistEventListener.onPersist(DefaultPersistEventListener.java:77)
	at org.hibernate.event.internal.DefaultPersistEventListener.onPersist(DefaultPersistEventListener.java:54)
	at org.hibernate.event.service.internal.EventListenerGroupImpl.fireEventOnEachListener(EventListenerGroupImpl.java:127)
	at org.hibernate.internal.SessionImpl.firePersist(SessionImpl.java:774)
	at org.hibernate.internal.SessionImpl.persist(SessionImpl.java:758)
	at java.base/jdk.internal.reflect.NativeMethodAccessorImpl.invoke0(Native Method)
	at java.base/jdk.internal.reflect.NativeMethodAccessorImpl.invoke(NativeMethodAccessorImpl.java:77)
	at java.base/jdk.internal.reflect.DelegatingMethodAccessorImpl.invoke(DelegatingMethodAccessorImpl.java:43)
	at java.base/java.lang.reflect.Method.invoke(Method.java:568)
	at org.springframework.orm.jpa.ExtendedEntityManagerCreator$ExtendedEntityManagerInvocationHandler.invoke(ExtendedEntityManagerCreator.java:364)
	at jdk.proxy2/jdk.proxy2.$Proxy125.persist(Unknown Source)
	at java.base/jdk.internal.reflect.NativeMethodAccessorImpl.invoke0(Native Method)
	at java.base/jdk.internal.reflect.NativeMethodAccessorImpl.invoke(NativeMethodAccessorImpl.java:77)
	at java.base/jdk.internal.reflect.DelegatingMethodAccessorImpl.invoke(DelegatingMethodAccessorImpl.java:43)
	at java.base/java.lang.reflect.Method.invoke(Method.java:568)
	at org.springframework.orm.jpa.SharedEntityManagerCreator$SharedEntityManagerInvocationHandler.invoke(SharedEntityManagerCreator.java:319)
	at jdk.proxy2/jdk.proxy2.$Proxy125.persist(Unknown Source)
	at org.springframework.data.jpa.repository.support.SimpleJpaRepository.save(SimpleJpaRepository.java:618)
	at java.base/jdk.internal.reflect.NativeMethodAccessorImpl.invoke0(Native Method)
	at java.base/jdk.internal.reflect.NativeMethodAccessorImpl.invoke(NativeMethodAccessorImpl.java:77)
	at java.base/jdk.internal.reflect.DelegatingMethodAccessorImpl.invoke(DelegatingMethodAccessorImpl.java:43)
	at java.base/java.lang.reflect.Method.invoke(Method.java:568)
	at org.springframework.aop.support.AopUtils.invokeJoinpointUsingReflection(AopUtils.java:351)
	at org.springframework.data.repository.core.support.RepositoryMethodInvoker$RepositoryFragmentMethodInvoker.lambda$new$0(RepositoryMethodInvoker.java:277)
	at org.springframework.data.repository.core.support.RepositoryMethodInvoker.doInvoke(RepositoryMethodInvoker.java:170)
	at org.springframework.data.repository.core.support.RepositoryMethodInvoker.invoke(RepositoryMethodInvoker.java:158)
	at org.springframework.data.repository.core.support.RepositoryComposition$RepositoryFragments.invoke(RepositoryComposition.java:516)
	at org.springframework.data.repository.core.support.RepositoryComposition.invoke(RepositoryComposition.java:285)
	at org.springframework.data.repository.core.support.RepositoryFactorySupport$ImplementationMethodExecutionInterceptor.invoke(RepositoryFactorySupport.java:628)
	at org.springframework.aop.framework.ReflectiveMethodInvocation.proceed(ReflectiveMethodInvocation.java:184)
	at org.springframework.data.repository.core.support.QueryExecutorMethodInterceptor.doInvoke(QueryExecutorMethodInterceptor.java:168)
	at org.springframework.data.repository.core.support.QueryExecutorMethodInterceptor.invoke(QueryExecutorMethodInterceptor.java:143)
	at org.springframework.aop.framework.ReflectiveMethodInvocation.proceed(ReflectiveMethodInvocation.java:184)
	at org.springframework.data.projection.DefaultMethodInvokingMethodInterceptor.invoke(DefaultMethodInvokingMethodInterceptor.java:70)
	at org.springframework.aop.framework.ReflectiveMethodInvocation.proceed(ReflectiveMethodInvocation.java:184)
	at org.springframework.transaction.interceptor.TransactionInterceptor$1.proceedWithInvocation(TransactionInterceptor.java:123)
	at org.springframework.transaction.interceptor.TransactionAspectSupport.invokeWithinTransaction(TransactionAspectSupport.java:385)
	at org.springframework.transaction.interceptor.TransactionInterceptor.invoke(TransactionInterceptor.java:119)
	at org.springframework.aop.framework.ReflectiveMethodInvocation.proceed(ReflectiveMethodInvocation.java:184)
	at org.springframework.dao.support.PersistenceExceptionTranslationInterceptor.invoke(PersistenceExceptionTranslationInterceptor.java:137)
	at org.springframework.aop.framework.ReflectiveMethodInvocation.proceed(ReflectiveMethodInvocation.java:184)
	at org.springframework.data.jpa.repository.support.CrudMethodMetadataPostProcessor$CrudMethodMetadataPopulatingMethodInterceptor.invoke(CrudMethodMetadataPostProcessor.java:164)
	at org.springframework.aop.framework.ReflectiveMethodInvocation.proceed(ReflectiveMethodInvocation.java:184)
	at org.springframework.aop.interceptor.ExposeInvocationInterceptor.invoke(ExposeInvocationInterceptor.java:97)
	at org.springframework.aop.framework.ReflectiveMethodInvocation.proceed(ReflectiveMethodInvocation.java:184)
	at org.springframework.aop.framework.JdkDynamicAopProxy.invoke(JdkDynamicAopProxy.java:220)
	at jdk.proxy2/jdk.proxy2.$Proxy134.save(Unknown Source)
	at com.dalbang.domain.member.member.service.AuthService.recreateAndSaveRefreshToken(AuthService.java:147)
	at com.dalbang.domain.member.member.service.AuthService.validateAndCreateRefreshToken(AuthService.java:132)
	at com.dalbang.domain.member.member.service.AuthService.checkAndCreateRefreshToken(AuthService.java:92)
	at com.dalbang.domain.member.member.service.AuthService.loginMember(AuthService.java:69)
	at java.base/jdk.internal.reflect.NativeMethodAccessorImpl.invoke0(Native Method)
	at java.base/jdk.internal.reflect.NativeMethodAccessorImpl.invoke(NativeMethodAccessorImpl.java:77)
	at java.base/jdk.internal.reflect.DelegatingMethodAccessorImpl.invoke(DelegatingMethodAccessorImpl.java:43)
	at java.base/java.lang.reflect.Method.invoke(Method.java:568)
	at org.springframework.aop.support.AopUtils.invokeJoinpointUsingReflection(AopUtils.java:351)
	at org.springframework.aop.framework.ReflectiveMethodInvocation.invokeJoinpoint(ReflectiveMethodInvocation.java:196)
	at org.springframework.aop.framework.ReflectiveMethodInvocation.proceed(ReflectiveMethodInvocation.java:163)
	at org.springframework.aop.framework.CglibAopProxy$CglibMethodInvocation.proceed(CglibAopProxy.java:765)
	at org.springframework.transaction.interceptor.TransactionInterceptor$1.proceedWithInvocation(TransactionInterceptor.java:123)
	at org.springframework.transaction.interceptor.TransactionAspectSupport.invokeWithinTransaction(TransactionAspectSupport.java:385)
	at org.springframework.transaction.interceptor.TransactionInterceptor.invoke(TransactionInterceptor.java:119)
	at org.springframework.aop.framework.ReflectiveMethodInvocation.proceed(ReflectiveMethodInvocation.java:184)
	at org.springframework.aop.framework.CglibAopProxy$CglibMethodInvocation.proceed(CglibAopProxy.java:765)
	at org.springframework.aop.framework.CglibAopProxy$DynamicAdvisedInterceptor.intercept(CglibAopProxy.java:717)
	at com.dalbang.domain.member.member.service.AuthService$$SpringCGLIB$$0.loginMember(<generated>)
	at com.dalbang.domain.member.member.controller.AuthController.memberLogin(AuthController.java:26)
	at java.base/jdk.internal.reflect.NativeMethodAccessorImpl.invoke0(Native Method)
	at java.base/jdk.internal.reflect.NativeMethodAccessorImpl.invoke(NativeMethodAccessorImpl.java:77)
	at java.base/jdk.internal.reflect.DelegatingMethodAccessorImpl.invoke(DelegatingMethodAccessorImpl.java:43)
	at java.base/java.lang.reflect.Method.invoke(Method.java:568)
	at org.springframework.web.method.support.InvocableHandlerMethod.doInvoke(InvocableHandlerMethod.java:261)
	at org.springframework.web.method.support.InvocableHandlerMethod.invokeForRequest(InvocableHandlerMethod.java:189)
	at org.springframework.web.servlet.mvc.method.annotation.ServletInvocableHandlerMethod.invokeAndHandle(ServletInvocableHandlerMethod.java:118)
	at org.springframework.web.servlet.mvc.method.annotation.RequestMappingHandlerAdapter.invokeHandlerMethod(RequestMappingHandlerAdapter.java:917)
	at org.springframework.web.servlet.mvc.method.annotation.RequestMappingHandlerAdapter.handleInternal(RequestMappingHandlerAdapter.java:829)
	at org.springframework.web.servlet.mvc.method.AbstractHandlerMethodAdapter.handle(AbstractHandlerMethodAdapter.java:87)
	at org.springframework.web.servlet.DispatcherServlet.doDispatch(DispatcherServlet.java:1089)
	at org.springframework.web.servlet.DispatcherServlet.doService(DispatcherServlet.java:979)
	at org.springframework.web.servlet.FrameworkServlet.processRequest(FrameworkServlet.java:1014)
	at org.springframework.web.servlet.FrameworkServlet.doPost(FrameworkServlet.java:914)
	at jakarta.servlet.http.HttpServlet.service(HttpServlet.java:590)
	at org.springframework.web.servlet.FrameworkServlet.service(FrameworkServlet.java:885)
	at jakarta.servlet.http.HttpServlet.service(HttpServlet.java:658)
	at org.apache.catalina.core.ApplicationFilterChain.internalDoFilter(ApplicationFilterChain.java:205)
	at org.apache.catalina.core.ApplicationFilterChain.doFilter(ApplicationFilterChain.java:149)
	at org.apache.tomcat.websocket.server.WsFilter.doFilter(WsFilter.java:51)
	at org.apache.catalina.core.ApplicationFilterChain.internalDoFilter(ApplicationFilterChain.java:174)
	at org.apache.catalina.core.ApplicationFilterChain.doFilter(ApplicationFilterChain.java:149)
	at org.springframework.web.filter.OncePerRequestFilter.doFilter(OncePerRequestFilter.java:110)
	at org.apache.catalina.core.ApplicationFilterChain.internalDoFilter(ApplicationFilterChain.java:174)
	at org.apache.catalina.core.ApplicationFilterChain.doFilter(ApplicationFilterChain.java:149)
	at org.springframework.web.filter.CompositeFilter$VirtualFilterChain.doFilter(CompositeFilter.java:108)
	at org.springframework.security.web.FilterChainProxy.lambda$doFilterInternal$3(FilterChainProxy.java:231)
	at org.springframework.security.web.FilterChainProxy$VirtualFilterChain.doFilter(FilterChainProxy.java:365)
	at org.springframework.security.web.access.intercept.AuthorizationFilter.doFilter(AuthorizationFilter.java:100)
	at org.springframework.security.web.FilterChainProxy$VirtualFilterChain.doFilter(FilterChainProxy.java:374)
	at org.springframework.security.web.access.ExceptionTranslationFilter.doFilter(ExceptionTranslationFilter.java:126)
	at org.springframework.security.web.access.ExceptionTranslationFilter.doFilter(ExceptionTranslationFilter.java:120)
	at org.springframework.security.web.FilterChainProxy$VirtualFilterChain.doFilter(FilterChainProxy.java:374)
	at org.springframework.security.web.authentication.AnonymousAuthenticationFilter.doFilter(AnonymousAuthenticationFilter.java:100)
	at org.springframework.security.web.FilterChainProxy$VirtualFilterChain.doFilter(FilterChainProxy.java:374)
	at org.springframework.security.web.servletapi.SecurityContextHolderAwareRequestFilter.doFilter(SecurityContextHolderAwareRequestFilter.java:179)
	at org.springframework.security.web.FilterChainProxy$VirtualFilterChain.doFilter(FilterChainProxy.java:374)
	at org.springframework.security.web.savedrequest.RequestCacheAwareFilter.doFilter(RequestCacheAwareFilter.java:63)
	at org.springframework.security.web.FilterChainProxy$VirtualFilterChain.doFilter(FilterChainProxy.java:374)
	at com.dalbang.global.security.jwt.JwtAuthenticationFilter.doFilterInternal(JwtAuthenticationFilter.java:47)
	at org.springframework.web.filter.OncePerRequestFilter.doFilter(OncePerRequestFilter.java:116)
	at org.springframework.security.web.FilterChainProxy$VirtualFilterChain.doFilter(FilterChainProxy.java:374)
	at org.springframework.security.web.authentication.logout.LogoutFilter.doFilter(LogoutFilter.java:107)
	at org.springframework.security.web.authentication.logout.LogoutFilter.doFilter(LogoutFilter.java:93)
	at org.springframework.security.web.FilterChainProxy$VirtualFilterChain.doFilter(FilterChainProxy.java:374)
	at org.springframework.web.filter.OncePerRequestFilter.doFilter(OncePerRequestFilter.java:110)
	at org.springframework.security.web.FilterChainProxy$VirtualFilterChain.doFilter(FilterChainProxy.java:374)
	at org.springframework.web.filter.CorsFilter.doFilterInternal(CorsFilter.java:91)
	at org.springframework.web.filter.OncePerRequestFilter.doFilter(OncePerRequestFilter.java:116)
	at org.springframework.security.web.FilterChainProxy$VirtualFilterChain.doFilter(FilterChainProxy.java:374)
	at org.springframework.security.web.header.HeaderWriterFilter.doHeadersAfter(HeaderWriterFilter.java:90)
	at org.springframework.security.web.header.HeaderWriterFilter.doFilterInternal(HeaderWriterFilter.java:75)
	at org.springframework.web.filter.OncePerRequestFilter.doFilter(OncePerRequestFilter.java:116)
	at org.springframework.security.web.FilterChainProxy$VirtualFilterChain.doFilter(FilterChainProxy.java:374)
	at org.springframework.security.web.context.SecurityContextHolderFilter.doFilter(SecurityContextHolderFilter.java:82)
	at org.springframework.security.web.context.SecurityContextHolderFilter.doFilter(SecurityContextHolderFilter.java:69)
	at org.springframework.security.web.FilterChainProxy$VirtualFilterChain.doFilter(FilterChainProxy.java:374)
	at org.springframework.security.web.context.request.async.WebAsyncManagerIntegrationFilter.doFilterInternal(WebAsyncManagerIntegrationFilter.java:62)
	at org.springframework.web.filter.OncePerRequestFilter.doFilter(OncePerRequestFilter.java:116)
	at org.springframework.security.web.FilterChainProxy$VirtualFilterChain.doFilter(FilterChainProxy.java:374)
	at org.springframework.security.web.session.DisableEncodeUrlFilter.doFilterInternal(DisableEncodeUrlFilter.java:42)
	at org.springframework.web.filter.OncePerRequestFilter.doFilter(OncePerRequestFilter.java:116)
	at org.springframework.security.web.FilterChainProxy$VirtualFilterChain.doFilter(FilterChainProxy.java:374)
	at org.springframework.security.web.FilterChainProxy.doFilterInternal(FilterChainProxy.java:233)
	at org.springframework.security.web.FilterChainProxy.doFilter(FilterChainProxy.java:191)
	at org.springframework.web.filter.CompositeFilter$VirtualFilterChain.doFilter(CompositeFilter.java:113)
	at org.springframework.web.servlet.handler.HandlerMappingIntrospector.lambda$createCacheFilter$3(HandlerMappingIntrospector.java:195)
	at org.springframework.web.filter.CompositeFilter$VirtualFilterChain.doFilter(CompositeFilter.java:113)
	at org.springframework.web.filter.CompositeFilter.doFilter(CompositeFilter.java:74)
	at org.springframework.security.config.annotation.web.configuration.WebMvcSecurityConfiguration$CompositeFilterChainProxy.doFilter(WebMvcSecurityConfiguration.java:225)
	at org.springframework.web.filter.DelegatingFilterProxy.invokeDelegate(DelegatingFilterProxy.java:352)
	at org.springframework.web.filter.DelegatingFilterProxy.doFilter(DelegatingFilterProxy.java:268)
	at org.apache.catalina.core.ApplicationFilterChain.internalDoFilter(ApplicationFilterChain.java:174)
	at org.apache.catalina.core.ApplicationFilterChain.doFilter(ApplicationFilterChain.java:149)
	at org.springframework.web.filter.RequestContextFilter.doFilterInternal(RequestContextFilter.java:100)
	at org.springframework.web.filter.OncePerRequestFilter.doFilter(OncePerRequestFilter.java:116)
	at org.apache.catalina.core.ApplicationFilterChain.internalDoFilter(ApplicationFilterChain.java:174)
	at org.apache.catalina.core.ApplicationFilterChain.doFilter(ApplicationFilterChain.java:149)
	at org.springframework.web.filter.FormContentFilter.doFilterInternal(FormContentFilter.java:93)
	at org.springframework.web.filter.OncePerRequestFilter.doFilter(OncePerRequestFilter.java:116)
	at org.apache.catalina.core.ApplicationFilterChain.internalDoFilter(ApplicationFilterChain.java:174)
	at org.apache.catalina.core.ApplicationFilterChain.doFilter(ApplicationFilterChain.java:149)
	at org.springframework.web.filter.CharacterEncodingFilter.doFilterInternal(CharacterEncodingFilter.java:201)
	at org.springframework.web.filter.OncePerRequestFilter.doFilter(OncePerRequestFilter.java:116)
	at org.apache.catalina.core.ApplicationFilterChain.internalDoFilter(ApplicationFilterChain.java:174)
	at org.apache.catalina.core.ApplicationFilterChain.doFilter(ApplicationFilterChain.java:149)
	at org.apache.catalina.core.StandardWrapperValve.invoke(StandardWrapperValve.java:167)
	at org.apache.catalina.core.StandardContextValve.invoke(StandardContextValve.java:90)
	at org.apache.catalina.authenticator.AuthenticatorBase.invoke(AuthenticatorBase.java:482)
	at org.apache.catalina.core.StandardHostValve.invoke(StandardHostValve.java:115)
	at org.apache.catalina.valves.ErrorReportValve.invoke(ErrorReportValve.java:93)
	at org.apache.catalina.core.StandardEngineValve.invoke(StandardEngineValve.java:74)
	at org.apache.catalina.connector.CoyoteAdapter.service(CoyoteAdapter.java:340)
	at org.apache.coyote.http11.Http11Processor.service(Http11Processor.java:391)
	at org.apache.coyote.AbstractProcessorLight.process(AbstractProcessorLight.java:63)
	at org.apache.coyote.AbstractProtocol$ConnectionHandler.process(AbstractProtocol.java:896)
	at org.apache.tomcat.util.net.NioEndpoint$SocketProcessor.doRun(NioEndpoint.java:1744)
	at org.apache.tomcat.util.net.SocketProcessorBase.run(SocketProcessorBase.java:52)
	at org.apache.tomcat.util.threads.ThreadPoolExecutor.runWorker(ThreadPoolExecutor.java:1191)
	at org.apache.tomcat.util.threads.ThreadPoolExecutor$Worker.run(ThreadPoolExecutor.java:659)
	at org.apache.tomcat.util.threads.TaskThread$WrappingRunnable.run(TaskThread.java:61)
	at java.base/java.lang.Thread.run(Thread.java:833)
2024-02-03 01:50:33.070 INFO  [SpringApplicationShutdownHook] [o.s.o.j.LocalContainerEntityManagerFactoryBean] - Closing JPA EntityManagerFactory for persistence unit 'default'
2024-02-03 01:50:33.074 INFO  [SpringApplicationShutdownHook] [com.zaxxer.hikari.HikariDataSource] - HikariPool-1 - Shutdown initiated...
2024-02-03 01:50:33.080 INFO  [SpringApplicationShutdownHook] [com.zaxxer.hikari.HikariDataSource] - HikariPool-1 - Shutdown completed.
2024-02-03 01:50:38.382 INFO  [background-preinit] [o.h.validator.internal.util.Version] - HV000001: Hibernate Validator 8.0.1.Final
2024-02-03 01:50:38.423 INFO  [main] [com.dalbang.DalbangApplication] - Starting DalbangApplication using Java 17.0.8 with PID 28964 (/Users/otaehun/Desktop/프로젝트/dalbang/build/classes/java/main started by otaehun in /Users/otaehun/Desktop/프로젝트/dalbang)
2024-02-03 01:50:38.423 INFO  [main] [com.dalbang.DalbangApplication] - No active profile set, falling back to 1 default profile: "default"
2024-02-03 01:50:39.295 INFO  [main] [o.s.d.r.c.RepositoryConfigurationDelegate] - Bootstrapping Spring Data JPA repositories in DEFAULT mode.
2024-02-03 01:50:39.373 INFO  [main] [o.s.d.r.c.RepositoryConfigurationDelegate] - Finished Spring Data repository scanning in 74 ms. Found 2 JPA repository interfaces.
2024-02-03 01:50:39.908 INFO  [main] [o.s.b.w.embedded.tomcat.TomcatWebServer] - Tomcat initialized with port 8089 (http)
2024-02-03 01:50:39.915 INFO  [main] [o.apache.coyote.http11.Http11NioProtocol] - Initializing ProtocolHandler ["http-nio-8089"]
2024-02-03 01:50:39.916 INFO  [main] [o.apache.catalina.core.StandardService] - Starting service [Tomcat]
2024-02-03 01:50:39.916 INFO  [main] [org.apache.catalina.core.StandardEngine] - Starting Servlet engine: [Apache Tomcat/10.1.18]
2024-02-03 01:50:39.962 INFO  [main] [o.a.c.c.C.[.[localhost].[/dalbang]] - Initializing Spring embedded WebApplicationContext
2024-02-03 01:50:39.963 INFO  [main] [o.s.b.w.s.c.ServletWebServerApplicationContext] - Root WebApplicationContext: initialization completed in 1493 ms
2024-02-03 01:50:40.084 INFO  [main] [o.hibernate.jpa.internal.util.LogHelper] - HHH000204: Processing PersistenceUnitInfo [name: default]
2024-02-03 01:50:40.122 INFO  [main] [org.hibernate.Version] - HHH000412: Hibernate ORM core version 6.4.1.Final
2024-02-03 01:50:40.151 INFO  [main] [o.h.c.internal.RegionFactoryInitiator] - HHH000026: Second-level cache disabled
2024-02-03 01:50:40.378 INFO  [main] [o.s.o.j.p.SpringPersistenceUnitInfo] - No LoadTimeWeaver setup: ignoring JPA class transformer
2024-02-03 01:50:40.399 INFO  [main] [com.zaxxer.hikari.HikariDataSource] - HikariPool-1 - Starting...
2024-02-03 01:50:40.474 INFO  [main] [com.zaxxer.hikari.pool.HikariPool] - HikariPool-1 - Added connection org.mariadb.jdbc.Connection@7f8c48f3
2024-02-03 01:50:40.477 INFO  [main] [com.zaxxer.hikari.HikariDataSource] - HikariPool-1 - Start completed.
2024-02-03 01:50:41.146 INFO  [main] [o.h.e.t.j.p.i.JtaPlatformInitiator] - HHH000489: No JTA platform available (set 'hibernate.transaction.jta.platform' to enable JTA platform integration)
2024-02-03 01:50:41.438 INFO  [main] [o.s.o.j.LocalContainerEntityManagerFactoryBean] - Initialized JPA EntityManagerFactory for persistence unit 'default'
2024-02-03 01:50:42.005 WARN  [main] [o.s.b.a.o.j.JpaBaseConfiguration$JpaWebConfiguration] - spring.jpa.open-in-view is enabled by default. Therefore, database queries may be performed during view rendering. Explicitly configure spring.jpa.open-in-view to disable this warning
2024-02-03 01:50:42.281 INFO  [main] [o.s.s.web.DefaultSecurityFilterChain] - Will secure any request with [org.springframework.security.web.session.DisableEncodeUrlFilter@27adb90f, org.springframework.security.web.context.request.async.WebAsyncManagerIntegrationFilter@1fd77205, org.springframework.security.web.context.SecurityContextHolderFilter@574134ba, org.springframework.security.web.header.HeaderWriterFilter@7d3faf1d, org.springframework.web.filter.CorsFilter@3b9c05f, org.springframework.web.filter.CorsFilter@288915a1, org.springframework.security.web.authentication.logout.LogoutFilter@6f986031, com.dalbang.global.security.jwt.JwtAuthenticationFilter@5d2bc446, org.springframework.security.web.savedrequest.RequestCacheAwareFilter@6afb240d, org.springframework.security.web.servletapi.SecurityContextHolderAwareRequestFilter@272f5373, org.springframework.security.web.authentication.AnonymousAuthenticationFilter@62a6a47e, org.springframework.security.web.access.ExceptionTranslationFilter@2c3d0ff8, org.springframework.security.web.access.intercept.AuthorizationFilter@52a9db63]
2024-02-03 01:50:42.292 WARN  [main] [o.s.s.c.a.web.builders.WebSecurity] - You are asking Spring Security to ignore Ant [pattern='/h2-console/**']. This is not recommended -- please use permitAll via HttpSecurity#authorizeHttpRequests instead.
2024-02-03 01:50:42.292 INFO  [main] [o.s.s.web.DefaultSecurityFilterChain] - Will not secure Ant [pattern='/h2-console/**']
2024-02-03 01:50:42.292 WARN  [main] [o.s.s.c.a.web.builders.WebSecurity] - You are asking Spring Security to ignore Ant [pattern='/favicon.ico']. This is not recommended -- please use permitAll via HttpSecurity#authorizeHttpRequests instead.
2024-02-03 01:50:42.292 INFO  [main] [o.s.s.web.DefaultSecurityFilterChain] - Will not secure Ant [pattern='/favicon.ico']
2024-02-03 01:50:42.292 WARN  [main] [o.s.s.c.a.web.builders.WebSecurity] - You are asking Spring Security to ignore Ant [pattern='/css/**']. This is not recommended -- please use permitAll via HttpSecurity#authorizeHttpRequests instead.
2024-02-03 01:50:42.292 INFO  [main] [o.s.s.web.DefaultSecurityFilterChain] - Will not secure Ant [pattern='/css/**']
2024-02-03 01:50:42.292 WARN  [main] [o.s.s.c.a.web.builders.WebSecurity] - You are asking Spring Security to ignore Ant [pattern='/js/**']. This is not recommended -- please use permitAll via HttpSecurity#authorizeHttpRequests instead.
2024-02-03 01:50:42.292 INFO  [main] [o.s.s.web.DefaultSecurityFilterChain] - Will not secure Ant [pattern='/js/**']
2024-02-03 01:50:42.292 WARN  [main] [o.s.s.c.a.web.builders.WebSecurity] - You are asking Spring Security to ignore Ant [pattern='/img/**']. This is not recommended -- please use permitAll via HttpSecurity#authorizeHttpRequests instead.
2024-02-03 01:50:42.292 INFO  [main] [o.s.s.web.DefaultSecurityFilterChain] - Will not secure Ant [pattern='/img/**']
2024-02-03 01:50:42.292 WARN  [main] [o.s.s.c.a.web.builders.WebSecurity] - You are asking Spring Security to ignore Ant [pattern='/lib/**']. This is not recommended -- please use permitAll via HttpSecurity#authorizeHttpRequests instead.
2024-02-03 01:50:42.292 INFO  [main] [o.s.s.web.DefaultSecurityFilterChain] - Will not secure Ant [pattern='/lib/**']
2024-02-03 01:50:42.499 INFO  [main] [o.apache.coyote.http11.Http11NioProtocol] - Starting ProtocolHandler ["http-nio-8089"]
2024-02-03 01:50:42.517 INFO  [main] [o.s.b.w.embedded.tomcat.TomcatWebServer] - Tomcat started on port 8089 (http) with context path '/dalbang'
2024-02-03 01:50:42.532 INFO  [main] [com.dalbang.DalbangApplication] - Started DalbangApplication in 4.476 seconds (process running for 5.488)
2024-02-03 01:50:57.820 INFO  [http-nio-8089-exec-2] [o.a.c.c.C.[.[localhost].[/dalbang]] - Initializing Spring DispatcherServlet 'dispatcherServlet'
2024-02-03 01:50:57.823 INFO  [http-nio-8089-exec-2] [o.s.web.servlet.DispatcherServlet] - Initializing Servlet 'dispatcherServlet'
2024-02-03 01:50:57.830 INFO  [http-nio-8089-exec-2] [o.s.web.servlet.DispatcherServlet] - Completed initialization in 6 ms
2024-02-03 01:50:58.353 INFO  [http-nio-8089-exec-2] [c.d.global.security.jwt.JwtTokenProvider] - token provider exp: 1706896258353
2024-02-03 01:50:58.384 INFO  [http-nio-8089-exec-2] [c.d.d.member.member.service.AuthService] - 유효하지 않을 때
2024-02-03 01:50:58.384 INFO  [http-nio-8089-exec-2] [c.d.global.security.jwt.JwtTokenProvider] - 리프레시 토큰 생성하는 곳
2024-02-03 01:52:35.112 INFO  [SpringApplicationShutdownHook] [o.s.o.j.LocalContainerEntityManagerFactoryBean] - Closing JPA EntityManagerFactory for persistence unit 'default'
2024-02-03 01:52:35.116 INFO  [SpringApplicationShutdownHook] [com.zaxxer.hikari.HikariDataSource] - HikariPool-1 - Shutdown initiated...
2024-02-03 01:52:35.133 INFO  [SpringApplicationShutdownHook] [com.zaxxer.hikari.HikariDataSource] - HikariPool-1 - Shutdown completed.
2024-02-03 01:52:39.715 INFO  [background-preinit] [o.h.validator.internal.util.Version] - HV000001: Hibernate Validator 8.0.1.Final
2024-02-03 01:52:39.764 INFO  [main] [com.dalbang.DalbangApplication] - Starting DalbangApplication using Java 17.0.8 with PID 29086 (/Users/otaehun/Desktop/프로젝트/dalbang/build/classes/java/main started by otaehun in /Users/otaehun/Desktop/프로젝트/dalbang)
2024-02-03 01:52:39.766 INFO  [main] [com.dalbang.DalbangApplication] - No active profile set, falling back to 1 default profile: "default"
2024-02-03 01:52:40.649 INFO  [main] [o.s.d.r.c.RepositoryConfigurationDelegate] - Bootstrapping Spring Data JPA repositories in DEFAULT mode.
2024-02-03 01:52:40.724 INFO  [main] [o.s.d.r.c.RepositoryConfigurationDelegate] - Finished Spring Data repository scanning in 69 ms. Found 2 JPA repository interfaces.
2024-02-03 01:52:41.260 INFO  [main] [o.s.b.w.embedded.tomcat.TomcatWebServer] - Tomcat initialized with port 8089 (http)
2024-02-03 01:52:41.267 INFO  [main] [o.apache.coyote.http11.Http11NioProtocol] - Initializing ProtocolHandler ["http-nio-8089"]
2024-02-03 01:52:41.268 INFO  [main] [o.apache.catalina.core.StandardService] - Starting service [Tomcat]
2024-02-03 01:52:41.269 INFO  [main] [org.apache.catalina.core.StandardEngine] - Starting Servlet engine: [Apache Tomcat/10.1.18]
2024-02-03 01:52:41.313 INFO  [main] [o.a.c.c.C.[Tomcat].[localhost].[/]] - Initializing Spring embedded WebApplicationContext
2024-02-03 01:52:41.314 INFO  [main] [o.s.b.w.s.c.ServletWebServerApplicationContext] - Root WebApplicationContext: initialization completed in 1499 ms
2024-02-03 01:52:41.435 INFO  [main] [o.hibernate.jpa.internal.util.LogHelper] - HHH000204: Processing PersistenceUnitInfo [name: default]
2024-02-03 01:52:41.473 INFO  [main] [org.hibernate.Version] - HHH000412: Hibernate ORM core version 6.4.1.Final
2024-02-03 01:52:41.504 INFO  [main] [o.h.c.internal.RegionFactoryInitiator] - HHH000026: Second-level cache disabled
2024-02-03 01:52:41.719 INFO  [main] [o.s.o.j.p.SpringPersistenceUnitInfo] - No LoadTimeWeaver setup: ignoring JPA class transformer
2024-02-03 01:52:41.740 INFO  [main] [com.zaxxer.hikari.HikariDataSource] - HikariPool-1 - Starting...
2024-02-03 01:52:41.813 INFO  [main] [com.zaxxer.hikari.pool.HikariPool] - HikariPool-1 - Added connection org.mariadb.jdbc.Connection@12e007be
2024-02-03 01:52:41.815 INFO  [main] [com.zaxxer.hikari.HikariDataSource] - HikariPool-1 - Start completed.
2024-02-03 01:52:42.546 INFO  [main] [o.h.e.t.j.p.i.JtaPlatformInitiator] - HHH000489: No JTA platform available (set 'hibernate.transaction.jta.platform' to enable JTA platform integration)
2024-02-03 01:52:42.612 INFO  [main] [o.s.o.j.LocalContainerEntityManagerFactoryBean] - Initialized JPA EntityManagerFactory for persistence unit 'default'
2024-02-03 01:52:43.096 WARN  [main] [o.s.b.a.o.j.JpaBaseConfiguration$JpaWebConfiguration] - spring.jpa.open-in-view is enabled by default. Therefore, database queries may be performed during view rendering. Explicitly configure spring.jpa.open-in-view to disable this warning
2024-02-03 01:52:43.302 INFO  [main] [o.s.s.web.DefaultSecurityFilterChain] - Will secure any request with [org.springframework.security.web.session.DisableEncodeUrlFilter@22f0e329, org.springframework.security.web.context.request.async.WebAsyncManagerIntegrationFilter@3b39bee2, org.springframework.security.web.context.SecurityContextHolderFilter@23adbd6b, org.springframework.security.web.header.HeaderWriterFilter@406d922, org.springframework.web.filter.CorsFilter@20ddc780, org.springframework.web.filter.CorsFilter@6889e714, org.springframework.security.web.authentication.logout.LogoutFilter@2c750b69, com.dalbang.global.security.jwt.JwtAuthenticationFilter@205b73d8, org.springframework.security.web.savedrequest.RequestCacheAwareFilter@4c1fed69, org.springframework.security.web.servletapi.SecurityContextHolderAwareRequestFilter@629dfb5a, org.springframework.security.web.authentication.AnonymousAuthenticationFilter@4dc5b887, org.springframework.security.web.access.ExceptionTranslationFilter@45f70f68, org.springframework.security.web.access.intercept.AuthorizationFilter@26f7b114]
2024-02-03 01:52:43.311 WARN  [main] [o.s.s.c.a.web.builders.WebSecurity] - You are asking Spring Security to ignore Ant [pattern='/h2-console/**']. This is not recommended -- please use permitAll via HttpSecurity#authorizeHttpRequests instead.
2024-02-03 01:52:43.311 INFO  [main] [o.s.s.web.DefaultSecurityFilterChain] - Will not secure Ant [pattern='/h2-console/**']
2024-02-03 01:52:43.312 WARN  [main] [o.s.s.c.a.web.builders.WebSecurity] - You are asking Spring Security to ignore Ant [pattern='/favicon.ico']. This is not recommended -- please use permitAll via HttpSecurity#authorizeHttpRequests instead.
2024-02-03 01:52:43.312 INFO  [main] [o.s.s.web.DefaultSecurityFilterChain] - Will not secure Ant [pattern='/favicon.ico']
2024-02-03 01:52:43.312 WARN  [main] [o.s.s.c.a.web.builders.WebSecurity] - You are asking Spring Security to ignore Ant [pattern='/css/**']. This is not recommended -- please use permitAll via HttpSecurity#authorizeHttpRequests instead.
2024-02-03 01:52:43.312 INFO  [main] [o.s.s.web.DefaultSecurityFilterChain] - Will not secure Ant [pattern='/css/**']
2024-02-03 01:52:43.312 WARN  [main] [o.s.s.c.a.web.builders.WebSecurity] - You are asking Spring Security to ignore Ant [pattern='/js/**']. This is not recommended -- please use permitAll via HttpSecurity#authorizeHttpRequests instead.
2024-02-03 01:52:43.312 INFO  [main] [o.s.s.web.DefaultSecurityFilterChain] - Will not secure Ant [pattern='/js/**']
2024-02-03 01:52:43.312 WARN  [main] [o.s.s.c.a.web.builders.WebSecurity] - You are asking Spring Security to ignore Ant [pattern='/img/**']. This is not recommended -- please use permitAll via HttpSecurity#authorizeHttpRequests instead.
2024-02-03 01:52:43.312 INFO  [main] [o.s.s.web.DefaultSecurityFilterChain] - Will not secure Ant [pattern='/img/**']
2024-02-03 01:52:43.312 WARN  [main] [o.s.s.c.a.web.builders.WebSecurity] - You are asking Spring Security to ignore Ant [pattern='/lib/**']. This is not recommended -- please use permitAll via HttpSecurity#authorizeHttpRequests instead.
2024-02-03 01:52:43.312 INFO  [main] [o.s.s.web.DefaultSecurityFilterChain] - Will not secure Ant [pattern='/lib/**']
2024-02-03 01:52:43.491 INFO  [main] [o.apache.coyote.http11.Http11NioProtocol] - Starting ProtocolHandler ["http-nio-8089"]
2024-02-03 01:52:43.507 INFO  [main] [o.s.b.w.embedded.tomcat.TomcatWebServer] - Tomcat started on port 8089 (http) with context path ''
2024-02-03 01:52:43.522 INFO  [main] [com.dalbang.DalbangApplication] - Started DalbangApplication in 4.131 seconds (process running for 5.201)
2024-02-03 01:52:51.321 INFO  [http-nio-8089-exec-1] [o.a.c.c.C.[Tomcat].[localhost].[/]] - Initializing Spring DispatcherServlet 'dispatcherServlet'
2024-02-03 01:52:51.323 INFO  [http-nio-8089-exec-1] [o.s.web.servlet.DispatcherServlet] - Initializing Servlet 'dispatcherServlet'
2024-02-03 01:52:51.330 INFO  [http-nio-8089-exec-1] [o.s.web.servlet.DispatcherServlet] - Completed initialization in 7 ms
2024-02-03 01:52:51.846 INFO  [http-nio-8089-exec-1] [c.d.global.security.jwt.JwtTokenProvider] - token provider exp: 1706896371846
2024-02-03 01:52:51.860 INFO  [http-nio-8089-exec-1] [c.d.global.security.jwt.JwtTokenProvider] - validateToken
2024-02-03 01:52:51.860 INFO  [http-nio-8089-exec-1] [c.d.global.security.jwt.JwtTokenProvider] - eyJhbGciOiJIUzI1NiJ9.eyJlbWFpbCI6ImRoeG9nbnM5MjBAbmF2ZXIuY29tIiwic3ViIjoiZGh4b2duczkyMEBuYXZlci5jb20iLCJpYXQiOjE3MDY4OTI2NTgsImV4cCI6MTcwNjk3OTA1OH0.dy2nGuH1oMi3qTPtlhXFl4CHpKC4wUd6Rh5pewqOIUk
2024-02-03 03:28:47.654 INFO  [SpringApplicationShutdownHook] [o.s.o.j.LocalContainerEntityManagerFactoryBean] - Closing JPA EntityManagerFactory for persistence unit 'default'
2024-02-03 03:28:47.660 INFO  [SpringApplicationShutdownHook] [com.zaxxer.hikari.HikariDataSource] - HikariPool-1 - Shutdown initiated...
2024-02-03 03:28:47.680 INFO  [SpringApplicationShutdownHook] [com.zaxxer.hikari.HikariDataSource] - HikariPool-1 - Shutdown completed.
